{"level":"info","message":"[mb:2525] mountebank v1.1.36 now taking orders - point your browser to http://localhost:2525 for help","timestamp":"2014-09-22T20:55:36.681Z"}
{"level":"info","message":"[mb:2525] PUT /imposters","timestamp":"2014-09-22T20:55:36.705Z"}
{"level":"info","message":"[mb:2525] mountebank v1.1.36 now taking orders - point your browser to http://localhost:2525 for help","timestamp":"2014-09-22T21:02:45.853Z"}
{"level":"info","message":"[mb:2525] PUT /imposters","timestamp":"2014-09-22T21:02:45.872Z"}
{"level":"info","message":"[mb:2525] mountebank v1.1.36 now taking orders - point your browser to http://localhost:2525 for help","timestamp":"2014-09-22T21:08:19.403Z"}
{"level":"info","message":"[mb:2525] PUT /imposters","timestamp":"2014-09-22T21:08:19.422Z"}
{"level":"info","message":"[mb:2525] GET /imposters","timestamp":"2014-09-22T21:08:49.233Z"}
{"level":"info","message":"[mb:2525] GET /imposters?replayable=true","timestamp":"2014-09-22T21:09:19.876Z"}
{"level":"info","message":"[mb:2525] mountebank v1.1.36 now taking orders - point your browser to http://localhost:2525 for help","timestamp":"2014-09-22T21:10:25.344Z"}
{"level":"info","message":"[mb:2525] PUT /imposters","timestamp":"2014-09-22T21:10:25.369Z"}
{"level":"info","message":"[mb:2525] GET /imposters/4545","timestamp":"2014-09-22T21:10:39.821Z"}
{"level":"info","message":"[mb:2525] Adios - see you soon?","timestamp":"2014-09-22T21:12:06.782Z"}
{"level":"info","message":"[mb:2525] mountebank v1.1.36 now taking orders - point your browser to http://localhost:2525 for help","timestamp":"2014-09-22T21:12:07.962Z"}
{"level":"info","message":"[mb:2525] PUT /imposters","timestamp":"2014-09-22T21:12:07.983Z"}
{"level":"info","message":"[mb:2525] GET /imposters/4545","timestamp":"2014-09-22T21:12:20.266Z"}
{"level":"info","message":"[mb:2525] Adios - see you soon?","timestamp":"2014-09-22T21:12:29.619Z"}
{"level":"info","message":"[mb:2525] mountebank v1.1.36 now taking orders - point your browser to http://localhost:2525 for help","timestamp":"2014-09-22T21:13:35.481Z"}
{"level":"info","message":"[mb:2525] POST /imposters","timestamp":"2014-09-22T21:15:51.429Z"}
{"level":"info","message":"[http:4545] Open for business...","timestamp":"2014-09-22T21:15:51.440Z"}
{"level":"info","message":"[mb:2525] GET /imposters","timestamp":"2014-09-22T21:16:07.618Z"}
{"level":"info","message":"[http:4545] 127.0.0.1:50906 => GET /test?first=1","timestamp":"2014-09-22T21:16:20.244Z"}
{"level":"info","message":"[mb:2525] Adios - see you soon?","timestamp":"2014-09-22T21:20:31.495Z"}
{"level":"info","message":"[mb:2525] mountebank v1.1.36 now taking orders - point your browser to http://localhost:2525 for help","timestamp":"2014-09-23T04:54:08.467Z"}
{"level":"info","message":"[mb:2525] POST /","timestamp":"2014-09-23T04:54:40.822Z"}
{"level":"info","message":"[mb:2525] mountebank v1.1.36 now taking orders - point your browser to http://localhost:2525 for help","timestamp":"2014-09-23T04:55:00.207Z"}
{"level":"info","message":"[mb:2525] POST /","timestamp":"2014-09-23T04:56:06.108Z"}
{"level":"info","message":"[mb:2525] mountebank v1.1.36 now taking orders - point your browser to http://localhost:2525 for help","timestamp":"2014-09-23T16:52:43.409Z"}
{"level":"info","message":"[mb:2525] GET /imposters","timestamp":"2014-09-23T16:53:41.873Z"}
{"level":"info","message":"[mb:2525] mountebank v1.1.36 now taking orders - point your browser to http://localhost:2525 for help","timestamp":"2014-09-23T16:54:26.604Z"}
{"level":"info","message":"[mb:2525] GET /imposters","timestamp":"2014-09-23T16:54:31.190Z"}
{"level":"info","message":"[mb:2525] GET /imposters","timestamp":"2014-09-23T16:54:33.891Z"}
{"level":"info","message":"[mb:2525] mountebank v1.1.36 now taking orders - point your browser to http://localhost:2525 for help","timestamp":"2014-09-23T16:57:34.103Z"}
{"level":"info","message":"[mb:2525] POST /","timestamp":"2014-09-23T16:57:34.134Z"}
{"level":"info","message":"[mb:2525] GET /imposters","timestamp":"2014-09-23T17:02:21.309Z"}
{"level":"info","message":"[mb:2525] mountebank v1.1.36 now taking orders - point your browser to http://localhost:2525 for help","timestamp":"2014-09-23T17:02:54.142Z"}
{"level":"info","message":"[mb:2525] POST /","timestamp":"2014-09-23T17:03:48.363Z"}
{"level":"info","message":"[mb:2525] POST /imposters","timestamp":"2014-09-23T17:04:07.875Z"}
{"level":"info","message":"[http:4545] Open for business...","timestamp":"2014-09-23T17:04:07.884Z"}
{"level":"info","message":"[mb:2525] Adios - see you soon?","timestamp":"2014-09-23T17:04:23.903Z"}
{"level":"info","message":"[mb:2525] mountebank v1.1.36 now taking orders - point your browser to http://localhost:2525 for help","timestamp":"2014-09-23T17:04:25.103Z"}
{"level":"info","message":"[mb:2525] Adios - see you soon?","timestamp":"2014-09-23T17:04:26.303Z"}
{"level":"info","message":"[mb:2525] mountebank v1.1.36 now taking orders - point your browser to http://localhost:2525 for help","timestamp":"2014-09-23T17:04:38.178Z"}
{"level":"info","message":"[mb:2525] GET /imposters","timestamp":"2014-09-23T17:07:01.647Z"}
{"level":"info","message":"[mb:2525] mountebank v1.1.36 now taking orders - point your browser to http://localhost:2525 for help","timestamp":"2014-09-23T17:08:00.848Z"}
{"level":"info","message":"[mb:2525] POST /","timestamp":"2014-09-23T17:15:53.428Z"}
{"level":"info","message":"[mb:2525] mountebank v1.1.36 now taking orders - point your browser to http://localhost:2525 for help","timestamp":"2014-09-23T17:19:08.631Z"}
{"level":"info","message":"[mb:2525] POST /","timestamp":"2014-09-23T17:19:08.666Z"}
{"level":"info","message":"[mb:2525] POST /","timestamp":"2014-09-23T17:20:42.217Z"}
{"level":"info","message":"[mb:2525] mountebank v1.1.36 now taking orders - point your browser to http://localhost:2525 for help","timestamp":"2014-09-23T17:23:11.448Z"}
{"level":"info","message":"[mb:2525] POST /","timestamp":"2014-09-23T17:23:11.481Z"}
{"level":"info","message":"[mb:2525] POST /","timestamp":"2014-09-23T17:24:05.864Z"}
{"level":"info","message":"[mb:2525] mountebank v1.1.36 now taking orders - point your browser to http://localhost:2525 for help","timestamp":"2014-09-23T17:25:15.500Z"}
{"level":"info","message":"[mb:2525] GET /","timestamp":"2014-09-23T17:26:55.211Z"}
{"level":"info","message":"[mb:2525] mountebank v1.1.36 now taking orders - point your browser to http://localhost:2525 for help","timestamp":"2014-09-23T17:27:29.560Z"}
{"level":"info","message":"[mb:2525] GET /imposters","timestamp":"2014-09-23T17:27:29.591Z"}
{"level":"info","message":"[mb:2525] POST /imposters","timestamp":"2014-09-23T17:29:59.028Z"}
{"level":"info","message":"[mb:2525] mountebank v1.1.36 now taking orders - point your browser to http://localhost:2525 for help","timestamp":"2014-09-23T17:30:56.553Z"}
{"level":"info","message":"[mb:2525] POST /imposters","timestamp":"2014-09-23T17:30:56.593Z"}
{"level":"error","message":"[mb:2525] Invalid JSON: {\"port\":","timestamp":"2014-09-23T17:30:56.597Z"}
{"level":"info","message":"[mb:2525] POST /imposters","timestamp":"2014-09-23T17:33:02.749Z"}
{"level":"info","message":"[mb:2525] mountebank v1.1.36 now taking orders - point your browser to http://localhost:2525 for help","timestamp":"2014-09-23T17:34:25.360Z"}
{"level":"info","message":"[mb:2525] POST /imposters","timestamp":"2014-09-23T17:37:03.854Z"}
{"level":"info","message":"[mb:2525] mountebank v1.1.36 now taking orders - point your browser to http://localhost:2525 for help","timestamp":"2014-09-23T17:38:29.171Z"}
{"level":"info","message":"[mb:2525] POST /imposters","timestamp":"2014-09-23T17:38:29.205Z"}
{"level":"info","message":"[http:4545] Open for business...","timestamp":"2014-09-23T17:38:29.222Z"}
{"level":"info","message":"[mb:2525] POST /imposters","timestamp":"2014-09-23T17:38:44.165Z"}
{"level":"info","message":"[mb:2525] mountebank v1.1.36 now taking orders - point your browser to http://localhost:2525 for help","timestamp":"2014-09-23T17:42:08.670Z"}
{"level":"info","message":"[mb:2525] POST /imposters","timestamp":"2014-09-23T17:42:08.700Z"}
{"level":"info","message":"[http:4545] Open for business...","timestamp":"2014-09-23T17:42:08.717Z"}
{"level":"info","message":"[mb:2525] mountebank v1.1.36 now taking orders - point your browser to http://localhost:2525 for help","timestamp":"2014-09-23T17:42:21.610Z"}
{"level":"info","message":"[mb:2525] POST /imposters","timestamp":"2014-09-23T17:42:21.641Z"}
{"level":"info","message":"[http:4545] Open for business...","timestamp":"2014-09-23T17:42:21.659Z"}
{"level":"info","message":"[mb:2525] mountebank v1.1.36 now taking orders - point your browser to http://localhost:2525 for help","timestamp":"2014-09-23T17:43:12.428Z"}
{"level":"info","message":"[mb:2525] POST /imposters","timestamp":"2014-09-23T17:43:12.451Z"}
{"level":"info","message":"[http:4545] Open for business...","timestamp":"2014-09-23T17:43:12.467Z"}
{"level":"info","message":"[mb:2525] mountebank v1.1.36 now taking orders - point your browser to http://localhost:2525 for help","timestamp":"2014-09-23T19:06:17.497Z"}
{"level":"info","message":"[mb:2525] POST /imposters","timestamp":"2014-09-23T19:06:58.971Z"}
{"level":"info","message":"[mb:2525] mountebank v1.1.36 now taking orders - point your browser to http://localhost:2525 for help","timestamp":"2014-09-23T19:09:24.063Z"}
{"level":"info","message":"[mb:2525] POST /imposters","timestamp":"2014-09-23T19:09:24.091Z"}
{"level":"info","message":"[http:4545] Open for business...","timestamp":"2014-09-23T19:09:24.106Z"}
{"level":"info","message":"[mb:2525] mountebank v1.1.36 now taking orders - point your browser to http://localhost:2525 for help","timestamp":"2014-09-23T19:11:01.347Z"}
{"level":"info","message":"[http:4545] 127.0.0.1:55817 => GET /get_sync_json?req_attr1=alpha&req_attr2=beta","timestamp":"2014-09-23T19:11:17.531Z"}
{"level":"info","message":"[mb:2525] mountebank v1.1.36 now taking orders - point your browser to http://localhost:2525 for help","timestamp":"2014-09-23T19:21:28.799Z"}
{"level":"info","message":"[mb:2525] POST /imposters","timestamp":"2014-09-23T19:21:28.824Z"}
{"level":"info","message":"[http:4545] Open for business...","timestamp":"2014-09-23T19:21:28.840Z"}
{"level":"info","message":"[http:4545] 127.0.0.1:55875 => GET /get_sync_json?req_attr1=alpha&req_attr2=beta","timestamp":"2014-09-23T19:21:41.606Z"}
{"level":"info","message":"[mb:2525] mountebank v1.1.36 now taking orders - point your browser to http://localhost:2525 for help","timestamp":"2014-09-23T19:27:21.181Z"}
{"level":"info","message":"[mb:2525] POST /imposters","timestamp":"2014-09-23T19:27:21.206Z"}
{"level":"info","message":"[http:4545] Open for business...","timestamp":"2014-09-23T19:27:21.216Z"}
{"level":"info","message":"[http:4545] 127.0.0.1:56067 => GET /get_sync_json?req_attr1=alpha&req_attr2=beta","timestamp":"2014-09-23T19:27:34.666Z"}
{"level":"info","message":"[mb:2525] mountebank v1.1.36 now taking orders - point your browser to http://localhost:2525 for help","timestamp":"2014-09-23T19:30:42.738Z"}
{"level":"info","message":"[mb:2525] POST /imposters","timestamp":"2014-09-23T19:30:42.767Z"}
{"level":"info","message":"[http:4545] Open for business...","timestamp":"2014-09-23T19:30:42.783Z"}
{"level":"info","message":"[http:4545] 127.0.0.1:56104 => GET /get_sync_json?req_attr1=alpha&req_attr2=beta","timestamp":"2014-09-23T19:31:02.289Z"}
{"level":"info","message":"[mb:2525] mountebank v1.1.36 now taking orders - point your browser to http://localhost:2525 for help","timestamp":"2014-09-23T19:32:40.600Z"}
{"level":"info","message":"[mb:2525] POST /imposters","timestamp":"2014-09-23T19:32:40.627Z"}
{"level":"info","message":"[http:4545] Open for business...","timestamp":"2014-09-23T19:32:40.639Z"}
{"level":"info","message":"[http:4545] 127.0.0.1:56133 => GET /get_sync_json?req_attr1=alpha&req_attr2=beta","timestamp":"2014-09-23T19:32:54.436Z"}
{"level":"info","message":"[mb:2525] mountebank v1.1.36 now taking orders - point your browser to http://localhost:2525 for help","timestamp":"2014-09-23T19:51:02.635Z"}
{"level":"info","message":"[mb:2525] POST /imposters","timestamp":"2014-09-23T19:51:02.662Z"}
{"level":"info","message":"[http:4545] Open for business...","timestamp":"2014-09-23T19:51:02.675Z"}
{"level":"info","message":"[http:4545] 127.0.0.1:56427 => GET /get_sync_json?req_attr1=alpha&req_attr2=beta","timestamp":"2014-09-23T19:51:22.283Z"}
{"level":"info","message":"[mb:2525] mountebank v1.1.36 now taking orders - point your browser to http://localhost:2525 for help","timestamp":"2014-09-23T19:52:33.918Z"}
{"level":"info","message":"[mb:2525] POST /imposters","timestamp":"2014-09-23T19:52:33.944Z"}
{"level":"info","message":"[http:4545] Open for business...","timestamp":"2014-09-23T19:52:33.959Z"}
{"level":"info","message":"[mb:2525] mountebank v1.1.36 now taking orders - point your browser to http://localhost:2525 for help","timestamp":"2014-09-23T19:53:01.432Z"}
{"level":"info","message":"[mb:2525] POST /imposters","timestamp":"2014-09-23T19:53:01.462Z"}
{"level":"info","message":"[http:4545] Open for business...","timestamp":"2014-09-23T19:53:01.479Z"}
{"level":"info","message":"[mb:2525] mountebank v1.1.36 now taking orders - point your browser to http://localhost:2525 for help","timestamp":"2014-09-23T19:54:02.345Z"}
{"level":"info","message":"[mb:2525] POST /imposters","timestamp":"2014-09-23T19:54:02.369Z"}
{"level":"info","message":"[http:4545] Open for business...","timestamp":"2014-09-23T19:54:02.379Z"}
{"level":"info","message":"[http:4545] 127.0.0.1:56457 => GET /get_sync_json?req_attr1=alpha&req_attr2=beta","timestamp":"2014-09-23T19:54:11.229Z"}
{"level":"info","message":"[mb:2525] mountebank v1.1.36 now taking orders - point your browser to http://localhost:2525 for help","timestamp":"2014-09-23T19:55:04.015Z"}
{"level":"info","message":"[mb:2525] POST /imposters","timestamp":"2014-09-23T19:55:04.039Z"}
{"level":"info","message":"[http:4545] Open for business...","timestamp":"2014-09-23T19:55:04.049Z"}
{"level":"info","message":"[http:4545] 127.0.0.1:56475 => GET /get_sync_json?req_attr1=alpha&req_attr2=beta","timestamp":"2014-09-23T19:55:12.997Z"}
{"level":"info","message":"[mb:2525] mountebank v1.1.36 now taking orders - point your browser to http://localhost:2525 for help","timestamp":"2014-09-23T20:04:32.545Z"}
{"level":"info","message":"[mb:2525] POST /imposters","timestamp":"2014-09-23T20:04:32.575Z"}
{"level":"info","message":"[http:4545] Open for business...","timestamp":"2014-09-23T20:04:32.589Z"}
{"level":"info","message":"[http:4545] 127.0.0.1:56959 => GET /get_sync_json?req_attr1=alpha&req_attr2=beta","timestamp":"2014-09-23T20:04:42.295Z"}
{"level":"info","message":"[mb:2525] mountebank v1.1.36 now taking orders - point your browser to http://localhost:2525 for help","timestamp":"2014-09-23T20:05:28.529Z"}
{"level":"info","message":"[mb:2525] POST /imposters","timestamp":"2014-09-23T20:05:28.551Z"}
{"level":"info","message":"[http:4545] Open for business...","timestamp":"2014-09-23T20:05:28.561Z"}
{"level":"info","message":"[http:4545] 127.0.0.1:56979 => GET /get_sync_json?req_attr1=alpha&req_attr2=beta","timestamp":"2014-09-23T20:05:37.252Z"}
{"level":"info","message":"[mb:2525] mountebank v1.1.36 now taking orders - point your browser to http://localhost:2525 for help","timestamp":"2014-09-23T20:10:00.847Z"}
{"level":"info","message":"[mb:2525] POST /imposters","timestamp":"2014-09-23T20:10:00.875Z"}
{"level":"info","message":"[http:4545] Open for business...","timestamp":"2014-09-23T20:10:00.894Z"}
{"level":"info","message":"[mb:2525] mountebank v1.1.36 now taking orders - point your browser to http://localhost:2525 for help","timestamp":"2014-09-23T20:19:04.887Z"}
{"level":"info","message":"[mb:2525] POST /imposters","timestamp":"2014-09-23T20:19:04.909Z"}
{"level":"info","message":"[http:4545] Open for business...","timestamp":"2014-09-23T20:19:04.919Z"}
{"level":"info","message":"[http:4545] 127.0.0.1:57430 => GET /get_sync_json?req_attr1=alpha&req_attr2=beta","timestamp":"2014-09-23T20:19:13.977Z"}
{"level":"info","message":"[mb:2525] mountebank v1.1.36 now taking orders - point your browser to http://localhost:2525 for help","timestamp":"2014-09-23T20:22:07.242Z"}
{"level":"info","message":"[mb:2525] POST /imposters","timestamp":"2014-09-23T20:22:07.271Z"}
{"level":"info","message":"[http:4545] Open for business...","timestamp":"2014-09-23T20:22:07.285Z"}
{"level":"info","message":"[mb:2525] mountebank v1.1.36 now taking orders - point your browser to http://localhost:2525 for help","timestamp":"2014-09-23T20:24:16.060Z"}
{"level":"info","message":"[mb:2525] POST /imposters","timestamp":"2014-09-23T20:24:16.090Z"}
{"level":"info","message":"[http:4545] Open for business...","timestamp":"2014-09-23T20:24:16.105Z"}
{"level":"info","message":"[mb:2525] mountebank v1.1.36 now taking orders - point your browser to http://localhost:2525 for help","timestamp":"2014-09-23T20:28:28.826Z"}
{"level":"info","message":"[mb:2525] POST /imposters","timestamp":"2014-09-23T20:28:28.850Z"}
{"level":"info","message":"[http:4545] Open for business...","timestamp":"2014-09-23T20:28:28.860Z"}
{"level":"info","message":"[mb:2525] mountebank v1.1.36 now taking orders - point your browser to http://localhost:2525 for help","timestamp":"2014-09-23T20:28:43.349Z"}
{"level":"info","message":"[mb:2525] POST /imposters","timestamp":"2014-09-23T20:28:43.379Z"}
{"level":"info","message":"[http:4545] Open for business...","timestamp":"2014-09-23T20:28:43.396Z"}
{"level":"info","message":"[mb:2525] mountebank v1.1.36 now taking orders - point your browser to http://localhost:2525 for help","timestamp":"2014-09-23T20:29:25.419Z"}
{"level":"info","message":"[mb:2525] POST /imposters","timestamp":"2014-09-23T20:29:25.441Z"}
{"level":"info","message":"[http:4545] Open for business...","timestamp":"2014-09-23T20:29:25.452Z"}
{"level":"info","message":"[http:4545] 127.0.0.1:57553 => GET /get_sync_json?req_attr1=alpha&req_attr2=beta","timestamp":"2014-09-23T20:29:35.077Z"}
{"level":"info","message":"[mb:2525] mountebank v1.1.36 now taking orders - point your browser to http://localhost:2525 for help","timestamp":"2014-09-23T20:30:40.578Z"}
{"level":"info","message":"[mb:2525] POST /imposters","timestamp":"2014-09-23T20:30:40.606Z"}
{"level":"info","message":"[http:4545] Open for business...","timestamp":"2014-09-23T20:30:40.617Z"}
{"level":"info","message":"[http:4545] 127.0.0.1:57573 => GET /get_sync_json?req_attr1=alpha&req_attr2=beta","timestamp":"2014-09-23T20:30:49.186Z"}
{"level":"info","message":"[mb:2525] mountebank v1.1.36 now taking orders - point your browser to http://localhost:2525 for help","timestamp":"2014-09-23T20:34:32.645Z"}
{"level":"info","message":"[mb:2525] POST /imposters","timestamp":"2014-09-23T20:34:32.673Z"}
{"level":"info","message":"[http:4545] Open for business...","timestamp":"2014-09-23T20:34:32.688Z"}
{"level":"info","message":"[http:4545] 127.0.0.1:57674 => GET /get_sync_json?req_attr1=alpha&req_attr2=beta","timestamp":"2014-09-23T20:34:41.433Z"}
{"level":"info","message":"[mb:2525] mountebank v1.1.36 now taking orders - point your browser to http://localhost:2525 for help","timestamp":"2014-09-23T20:35:16.936Z"}
{"level":"info","message":"[mb:2525] POST /imposters","timestamp":"2014-09-23T20:35:16.962Z"}
{"level":"info","message":"[http:4545] Open for business...","timestamp":"2014-09-23T20:35:16.976Z"}
{"level":"info","message":"[http:4545] 127.0.0.1:57692 => GET /get_sync_json?req_attr1=alpha&req_attr2=beta","timestamp":"2014-09-23T20:35:25.788Z"}
{"level":"info","message":"[mb:2525] mountebank v1.1.36 now taking orders - point your browser to http://localhost:2525 for help","timestamp":"2014-09-23T20:36:08.244Z"}
{"level":"info","message":"[mb:2525] POST /imposters","timestamp":"2014-09-23T20:36:08.269Z"}
{"level":"info","message":"[http:4545] Open for business...","timestamp":"2014-09-23T20:36:08.280Z"}
{"level":"info","message":"[http:4545] 127.0.0.1:57711 => GET /get_sync_json?req_attr1=alpha&req_attr2=beta","timestamp":"2014-09-23T20:36:16.727Z"}
{"level":"info","message":"[mb:2525] mountebank v1.1.36 now taking orders - point your browser to http://localhost:2525 for help","timestamp":"2014-09-23T21:07:43.580Z"}
{"level":"info","message":"[mb:2525] POST /imposters","timestamp":"2014-09-23T21:07:43.604Z"}
{"level":"info","message":"[http:4545] Open for business...","timestamp":"2014-09-23T21:07:43.614Z"}
{"level":"info","message":"[http:4545] 127.0.0.1:57791 => GET /get_sync_json?req_attr1=alpha&req_attr2=beta","timestamp":"2014-09-23T21:07:51.382Z"}
{"level":"info","message":"[mb:2525] mountebank v1.1.36 now taking orders - point your browser to http://localhost:2525 for help","timestamp":"2014-09-23T21:14:25.248Z"}
{"level":"info","message":"[mb:2525] POST /imposters","timestamp":"2014-09-23T21:14:25.270Z"}
{"level":"info","message":"[http:4545] Open for business...","timestamp":"2014-09-23T21:14:25.281Z"}
{"level":"info","message":"[http:4545] 127.0.0.1:57823 => GET /get_sync_json?req_attr1=alpha&req_attr2=beta","timestamp":"2014-09-23T21:14:34.331Z"}
{"level":"info","message":"[mb:2525] mountebank v1.1.36 now taking orders - point your browser to http://localhost:2525 for help","timestamp":"2014-09-23T21:28:32.707Z"}
{"level":"info","message":"[http:4545] 127.0.0.1:58228 => GET /get_sync_json?req_attr1=alpha&req_attr2=beta","timestamp":"2014-09-23T21:28:42.224Z"}
{"level":"info","message":"[mb:2525] mountebank v1.1.36 now taking orders - point your browser to http://localhost:2525 for help","timestamp":"2014-09-23T21:31:24.068Z"}
{"level":"info","message":"[mb:2525] POST /imposters","timestamp":"2014-09-23T21:31:24.093Z"}
{"level":"info","message":"[http:4545] Open for business...","timestamp":"2014-09-23T21:31:24.104Z"}
{"level":"info","message":"[http:4545] 127.0.0.1:58252 => GET /get_sync_json?req_attr1=alpha&req_attr2=beta","timestamp":"2014-09-23T21:31:31.868Z"}
